{"type":"info","message":"====================","timestamp":"00:02:53"}
{"type":"info","message":"BẮT ĐẦU TẠO NỘI DUNG AI","timestamp":"00:02:53"}
{"type":"info","message":"====================","timestamp":"00:02:53"}
{"type":"info","message":"PHASE 1: Đang tìm phim trong CSDL...","timestamp":"00:02:53"}
{"type":"info","message":"PHASE 1 KẾT THÚC: Tìm thấy 240 phim cần xử lý.","timestamp":"00:02:53"}
{"type":"info","message":"  -> Đang xử lý phim: \"Khám Phá Cõi Âm\"","timestamp":"00:02:53"}
{"type":"info","message":"  -> Đang xử lý phim: \"Thầm Thám CID\"","timestamp":"00:02:53"}
{"type":"info","message":"  -> Đang xử lý phim: \"Cẩm Nguyệt Như Ca\"","timestamp":"00:02:53"}
{"type":"info","message":"--- Hoàn thành lô 1 / 80 ---","timestamp":"00:02:54"}
{"type":"info","message":"  -> Đang xử lý phim: \"Anaconda\"","timestamp":"00:02:55"}
{"type":"info","message":"  -> Đang xử lý phim: \"Thợ Săn Ma Túy 2\"","timestamp":"00:02:55"}
{"type":"info","message":"  -> Đang xử lý phim: \"Những Dòng Sông Vận Mệnh\"","timestamp":"00:02:55"}
{"type":"info","message":"--- Hoàn thành lô 2 / 80 ---","timestamp":"00:02:55"}
{"type":"info","message":"  -> Đang xử lý phim: \"Hãy Chăm Sóc Anh Em Đại Bàng\"","timestamp":"00:02:56"}
{"type":"info","message":"  -> Đang xử lý phim: \"Tình Bạn Thuần Khiết (Phần 2)\"","timestamp":"00:02:56"}
{"type":"info","message":"  -> Đang xử lý phim: \"Acapulco (Phần 4)\"","timestamp":"00:02:56"}
{"type":"info","message":"--- Hoàn thành lô 3 / 80 ---","timestamp":"00:02:57"}
{"type":"info","message":"  -> Đang xử lý phim: \"Đếm Ngược\"","timestamp":"00:02:58"}
{"type":"info","message":"  -> Đang xử lý phim: \"Thanh Gươm Diệt Quỷ: Vô Hạn Thành\"","timestamp":"00:02:58"}
{"type":"info","message":"  -> Đang xử lý phim: \"Khi Em Đến\"","timestamp":"00:02:58"}
{"type":"info","message":"--- Hoàn thành lô 4 / 80 ---","timestamp":"00:02:59"}
{"type":"info","message":"  -> Đang xử lý phim: \"Tuổi Thanh Xuân\"","timestamp":"00:03:00"}
{"type":"info","message":"  -> Đang xử lý phim: \"Vua Hải Tặc: Chương Sabo - Mối liên kết của ba anh em và ý chí được kế thừa\"","timestamp":"00:03:00"}
{"type":"info","message":"  -> Đang xử lý phim: \"Vua Hải Tặc 3D: Truy tìm mũ rơm\"","timestamp":"00:03:00"}
{"type":"info","message":"--- Hoàn thành lô 5 / 80 ---","timestamp":"00:03:00"}
{"type":"info","message":"  -> Đang xử lý phim: \"Vua Hải Tặc: Thánh kiếm bị nguyền rủa\"","timestamp":"00:03:01"}
{"type":"info","message":"  -> Đang xử lý phim: \"Vua Hải Tặc: Chương Skypiea\"","timestamp":"00:03:01"}
{"type":"info","message":"  -> Đang xử lý phim: \"Vua Hải Tặc: Cuộc phiêu lưu đến đảo máy đồng hồ\"","timestamp":"00:03:01"}
{"type":"info","message":"--- Hoàn thành lô 6 / 80 ---","timestamp":"00:03:02"}
{"type":"info","message":"  -> Đang xử lý phim: \"Vua Hải Tặc: Đảo Châu Báu\"","timestamp":"00:03:03"}
{"type":"info","message":"  -> Đang xử lý phim: \"One Piece: Episode of Alabaster - Sabaku no Ojou to Kaizoku Tachi\"","timestamp":"00:03:03"}
{"type":"info","message":"  -> Đang xử lý phim: \"One piece: Episodo obu choppa + Fuyu ni saku, kiseki no sakura\"","timestamp":"00:03:03"}
{"type":"info","message":"--- Hoàn thành lô 7 / 80 ---","timestamp":"00:03:03"}
{"type":"info","message":"  -> Đang xử lý phim: \"One piece: Omatsuri danshaku to himitsu no shima\"","timestamp":"00:03:04"}
{"type":"info","message":"  -> Đang xử lý phim: \"One piece: Karakuri shiro no Mecha Kyohei\"","timestamp":"00:03:04"}
{"type":"info","message":"  -> Đang xử lý phim: \"One piece: Clockwork Island Adventure\"","timestamp":"00:03:04"}
{"type":"info","message":"--- Hoàn thành lô 8 / 80 ---","timestamp":"00:03:05"}
{"type":"info","message":"  -> Đang xử lý phim: \"One-Punch Man Phần 2\"","timestamp":"00:03:06"}
{"type":"info","message":"  -> Đang xử lý phim: \"Another\"","timestamp":"00:03:06"}
{"type":"info","message":"  -> Đang xử lý phim: \"Thất Nguyệt Và An Sinh\"","timestamp":"00:03:06"}
{"type":"info","message":"--- Hoàn thành lô 9 / 80 ---","timestamp":"00:03:06"}
{"type":"info","message":"  -> Đang xử lý phim: \"Đào Thoát (Phần 5)\"","timestamp":"00:03:07"}
{"type":"info","message":"  -> Đang xử lý phim: \"Tỳ Vết Của Ngọc\"","timestamp":"00:03:07"}
{"type":"info","message":"  -> Đang xử lý phim: \"Sự Cám Dỗ Nguy Hiểm\"","timestamp":"00:03:07"}
{"type":"info","message":"--- Hoàn thành lô 10 / 80 ---","timestamp":"00:03:08"}
{"type":"info","message":"  -> Đang xử lý phim: \"Thiên Sứ Của Địa Ngục\"","timestamp":"00:03:09"}
{"type":"info","message":"  -> Đang xử lý phim: \"Băng Trộm Săn Vàng\"","timestamp":"00:03:09"}
{"type":"info","message":"  -> Đang xử lý phim: \"Bản Hit Cuộc Đời\"","timestamp":"00:03:09"}
{"type":"info","message":"--- Hoàn thành lô 11 / 80 ---","timestamp":"00:03:09"}
{"type":"info","message":"  -> Đang xử lý phim: \"Con Tin\"","timestamp":"00:03:10"}
{"type":"info","message":"  -> Đang xử lý phim: \"Em Chỉ Muốn Mình Anh\"","timestamp":"00:03:10"}
{"type":"info","message":"  -> Đang xử lý phim: \"F1 Phim Điện Ảnh\"","timestamp":"00:03:10"}
{"type":"info","message":"--- Hoàn thành lô 12 / 80 ---","timestamp":"00:03:11"}
{"type":"info","message":"  -> Đang xử lý phim: \"Trân Trọng Kính Mời\"","timestamp":"00:03:12"}
{"type":"info","message":"  -> Đang xử lý phim: \"Người Đàn Ông Không Có Quá Khứ\"","timestamp":"00:03:12"}
{"type":"info","message":"  -> Đang xử lý phim: \"Cuộc Chiến Mafia\"","timestamp":"00:03:12"}
{"type":"info","message":"--- Hoàn thành lô 13 / 80 ---","timestamp":"00:03:12"}
{"type":"info","message":"  -> Đang xử lý phim: \"Sumala\"","timestamp":"00:03:13"}
{"type":"info","message":"  -> Đang xử lý phim: \"Thiên Mã Tinh Không\"","timestamp":"00:03:13"}
{"type":"info","message":"  -> Đang xử lý phim: \"Doctor's Mine\"","timestamp":"00:03:13"}
{"type":"info","message":"--- Hoàn thành lô 14 / 80 ---","timestamp":"00:03:14"}
{"type":"info","message":"  -> Đang xử lý phim: \"Thiên Mệnh Đại Chúa Tể\"","timestamp":"00:03:15"}
{"type":"info","message":"  -> Đang xử lý phim: \"Người Tử Tế\"","timestamp":"00:03:15"}
{"type":"info","message":"  -> Đang xử lý phim: \"The Witcher Season One Recap: From the Beginning\"","timestamp":"00:03:15"}
{"type":"info","message":"--- Hoàn thành lô 15 / 80 ---","timestamp":"00:03:15"}
{"type":"info","message":"  -> Đang xử lý phim: \"Tôi Và Hai Anh Ấy\"","timestamp":"00:03:16"}
{"type":"info","message":"  -> Đang xử lý phim: \"Truyện Từ Thế Giới Bên Kia\"","timestamp":"00:03:16"}
{"type":"info","message":"  -> Đang xử lý phim: \"Tìm Lại Chính Mình\"","timestamp":"00:03:16"}
{"type":"info","message":"--- Hoàn thành lô 16 / 80 ---","timestamp":"00:03:17"}
{"type":"info","message":"  -> Đang xử lý phim: \"Kẻ Gian Xảo\"","timestamp":"00:03:18"}
{"type":"info","message":"  -> Đang xử lý phim: \"Ngọn Lửa Trắng\"","timestamp":"00:03:18"}
{"type":"info","message":"  -> Đang xử lý phim: \"Tiệm Cà Phê Hữu Tình\"","timestamp":"00:03:18"}
{"type":"info","message":"--- Hoàn thành lô 17 / 80 ---","timestamp":"00:03:18"}
{"type":"info","message":"  -> Đang xử lý phim: \"Khi Người Đàn Bà Biết Yêu\"","timestamp":"00:03:19"}
{"type":"info","message":"  -> Đang xử lý phim: \"Săn Diều Hâu\"","timestamp":"00:03:19"}
{"type":"info","message":"  -> Đang xử lý phim: \"Trái Tim Giam Cầm\"","timestamp":"00:03:19"}
{"type":"info","message":"--- Hoàn thành lô 18 / 80 ---","timestamp":"00:03:20"}
{"type":"info","message":"  -> Đang xử lý phim: \"Tiên Sủng\"","timestamp":"00:03:21"}
{"type":"info","message":"  -> Đang xử lý phim: \"Thành Phố Kamitsubaki Đang Được Xây Dựng\"","timestamp":"00:03:21"}
{"type":"info","message":"  -> Đang xử lý phim: \"Ma Pháp Sư Thuộc Tính Nước\"","timestamp":"00:03:21"}
{"type":"info","message":"--- Hoàn thành lô 19 / 80 ---","timestamp":"00:03:21"}
{"type":"info","message":"  -> Đang xử lý phim: \"Người Hòa Giải (Phần 2)\"","timestamp":"00:03:22"}
{"type":"info","message":"  -> Đang xử lý phim: \"Hồng Ân Thái Cực Quyền\"","timestamp":"00:03:22"}
{"type":"info","message":"  -> Đang xử lý phim: \"Hương Rượu Tình Nồng\"","timestamp":"00:03:22"}
{"type":"info","message":"--- Hoàn thành lô 20 / 80 ---","timestamp":"00:03:23"}
{"type":"info","message":"  -> Đang xử lý phim: \"Tiết Đinh San\"","timestamp":"00:03:24"}
{"type":"info","message":"  -> Đang xử lý phim: \"Mọi Lúc Mọi Nơi (Phần 3)\"","timestamp":"00:03:24"}
{"type":"info","message":"  -> Đang xử lý phim: \"Chuyện dài tóm ngắn\"","timestamp":"00:03:24"}
{"type":"info","message":"--- Hoàn thành lô 21 / 80 ---","timestamp":"00:03:24"}
{"type":"info","message":"  -> Đang xử lý phim: \"Aema\"","timestamp":"00:03:25"}
{"type":"info","message":"  -> Đang xử lý phim: \"Chỉ Riêng Mình Bạn\"","timestamp":"00:03:25"}
{"type":"info","message":"  -> Đang xử lý phim: \"Chúa Tể Huyền Bí\"","timestamp":"00:03:25"}
{"type":"info","message":"--- Hoàn thành lô 22 / 80 ---","timestamp":"00:03:26"}
{"type":"info","message":"  -> Đang xử lý phim: \"Thôn Tính Bầu Trời\"","timestamp":"00:03:27"}
{"type":"info","message":"  -> Đang xử lý phim: \"Ta Là Ngài Khun Xinh Đẹp Nhất\"","timestamp":"00:03:27"}
{"type":"info","message":"  -> Đang xử lý phim: \"Vô Tướng Chi Thành\"","timestamp":"00:03:27"}
{"type":"info","message":"--- Hoàn thành lô 23 / 80 ---","timestamp":"00:03:27"}
{"type":"info","message":"  -> Đang xử lý phim: \"Xướng Ngôn Viên\"","timestamp":"00:03:28"}
{"type":"info","message":"  -> Đang xử lý phim: \"Tình Bạn Thân Thiết\"","timestamp":"00:03:28"}
{"type":"info","message":"  -> Đang xử lý phim: \"Vượt Qua Thử Thách\"","timestamp":"00:03:28"}
{"type":"info","message":"--- Hoàn thành lô 24 / 80 ---","timestamp":"00:03:29"}
{"type":"info","message":"  -> Đang xử lý phim: \"Ba Chị Em\"","timestamp":"00:03:30"}
{"type":"info","message":"  -> Đang xử lý phim: \"Vụ Án Kỳ Bí\"","timestamp":"00:03:30"}
{"type":"info","message":"  -> Đang xử lý phim: \"Đội Hành Động Liêm Chính 2004\"","timestamp":"00:03:30"}
{"type":"info","message":"--- Hoàn thành lô 25 / 80 ---","timestamp":"00:03:31"}
{"type":"info","message":"  -> Đang xử lý phim: \"Lạc Lối\"","timestamp":"00:03:32"}
{"type":"info","message":"  -> Đang xử lý phim: \"Cuộc Chiến Dành Quyền Nuôi Mèo\"","timestamp":"00:03:32"}
{"type":"info","message":"  -> Đang xử lý phim: \"Retro\"","timestamp":"00:03:32"}
{"type":"info","message":"--- Hoàn thành lô 26 / 80 ---","timestamp":"00:03:32"}
{"type":"info","message":"  -> Đang xử lý phim: \"Thần Quốc Chi Thượng\"","timestamp":"00:03:33"}
{"type":"info","message":"  -> Đang xử lý phim: \"Khi Mưa Tan, Ta Gặp Lại\"","timestamp":"00:03:33"}
{"type":"info","message":"  -> Đang xử lý phim: \"Lần Theo Vết Khói\"","timestamp":"00:03:33"}
{"type":"info","message":"--- Hoàn thành lô 27 / 80 ---","timestamp":"00:03:34"}
{"type":"info","message":"  -> Đang xử lý phim: \"Lực Lượng Nền Móng (Phần 3)\"","timestamp":"00:03:35"}
{"type":"info","message":"  -> Đang xử lý phim: \"Hồi Ký Của Rati\"","timestamp":"00:03:35"}
{"type":"info","message":"  -> Đang xử lý phim: \"Người bị bỏ rơi\"","timestamp":"00:03:35"}
{"type":"info","message":"--- Hoàn thành lô 28 / 80 ---","timestamp":"00:03:35"}
{"type":"info","message":"  -> Đang xử lý phim: \"Sự thật về Jussie Smollett?\"","timestamp":"00:03:36"}
{"type":"info","message":"  -> Đang xử lý phim: \"Chào Mừng Tới Đột Tử\"","timestamp":"00:03:36"}
{"type":"info","message":"  -> Đang xử lý phim: \"Đoàn Binh Nội Trợ\"","timestamp":"00:03:36"}
{"type":"info","message":"--- Hoàn thành lô 29 / 80 ---","timestamp":"00:03:37"}
{"type":"info","message":"  -> Đang xử lý phim: \"Vòng Xoay Cuộc Đời\"","timestamp":"00:03:38"}
{"type":"info","message":"  -> Đang xử lý phim: \"Cục 749\"","timestamp":"00:03:38"}
{"type":"info","message":"  -> Đang xử lý phim: \"Shades of Desire\"","timestamp":"00:03:38"}
{"type":"info","message":"--- Hoàn thành lô 30 / 80 ---","timestamp":"00:03:38"}
{"type":"info","message":"  -> Đang xử lý phim: \"Atatürk II 1881 – 1919\"","timestamp":"00:03:39"}
{"type":"info","message":"  -> Đang xử lý phim: \"Atatürk 1881 - 1919\"","timestamp":"00:03:39"}
{"type":"info","message":"  -> Đang xử lý phim: \"Hơn Cả Tình Bạn\"","timestamp":"00:03:39"}
{"type":"info","message":"--- Hoàn thành lô 31 / 80 ---","timestamp":"00:03:40"}
{"type":"info","message":"  -> Đang xử lý phim: \"The Sacrifice Game\"","timestamp":"00:03:41"}
{"type":"info","message":"  -> Đang xử lý phim: \"Sinh Vạn Vật\"","timestamp":"00:03:41"}
{"type":"info","message":"  -> Đang xử lý phim: \"Shine\"","timestamp":"00:03:41"}
{"type":"info","message":"--- Hoàn thành lô 32 / 80 ---","timestamp":"00:03:41"}
{"type":"info","message":"  -> Đang xử lý phim: \"Vương Miện Của Người Thống Trị\"","timestamp":"00:03:42"}
{"type":"info","message":"  -> Đang xử lý phim: \"Khemjira Phải Sống Sót\"","timestamp":"00:03:42"}
{"type":"info","message":"  -> Đang xử lý phim: \"Quái Vật Số 8 (Phần 2)\"","timestamp":"00:03:42"}
{"type":"info","message":"--- Hoàn thành lô 33 / 80 ---","timestamp":"00:03:43"}
{"type":"info","message":"  -> Đang xử lý phim: \"Người Đàn Ông Ma Thuật: Sân Khấu Đen\"","timestamp":"00:03:44"}
{"type":"info","message":"  -> Đang xử lý phim: \"Thần Quyền Vô Địch\"","timestamp":"00:03:44"}
{"type":"info","message":"  -> Đang xử lý phim: \"Ngày Tốt Lành\"","timestamp":"00:03:44"}
{"type":"info","message":"--- Hoàn thành lô 34 / 80 ---","timestamp":"00:03:44"}
{"type":"info","message":"  -> Đang xử lý phim: \"Khát Vọng Tuổi Trẻ\"","timestamp":"00:03:45"}
{"type":"info","message":"  -> Đang xử lý phim: \"Cô Tinh Kiếm Khách\"","timestamp":"00:03:45"}
{"type":"info","message":"  -> Đang xử lý phim: \"Chuyến Xe Định Mệnh\"","timestamp":"00:03:45"}
{"type":"info","message":"--- Hoàn thành lô 35 / 80 ---","timestamp":"00:03:46"}
{"type":"info","message":"  -> Đang xử lý phim: \"Nấc Thang Cuộc Đời\"","timestamp":"00:03:47"}
{"type":"info","message":"  -> Đang xử lý phim: \"Bao Thanh Thiên 1995\"","timestamp":"00:03:47"}
{"type":"info","message":"  -> Đang xử lý phim: \"Mối Tình Thượng Hải\"","timestamp":"00:03:47"}
{"type":"info","message":"--- Hoàn thành lô 36 / 80 ---","timestamp":"00:03:47"}
{"type":"info","message":"  -> Đang xử lý phim: \"Chàng Giang Hồ Tử Tế\"","timestamp":"00:03:48"}
{"type":"info","message":"  -> Đang xử lý phim: \"Đấu La Đại Lục 2: Tuyệt Thế Đường Môn\"","timestamp":"00:03:48"}
{"type":"info","message":"  -> Đang xử lý phim: \"Song Nhẫn\"","timestamp":"00:03:48"}
{"type":"info","message":"--- Hoàn thành lô 37 / 80 ---","timestamp":"00:03:49"}
{"type":"info","message":"  -> Đang xử lý phim: \"Nàng búp bê thử đồ của tôi biết yêu (Phần 2)\"","timestamp":"00:03:50"}
{"type":"info","message":"  -> Đang xử lý phim: \"Mùa hè Hikaru chết\"","timestamp":"00:03:50"}
{"type":"info","message":"  -> Đang xử lý phim: \"Gia Sư Của Công Tước Tiểu Thư\"","timestamp":"00:03:50"}
{"type":"info","message":"--- Hoàn thành lô 38 / 80 ---","timestamp":"00:03:50"}
{"type":"info","message":"  -> Đang xử lý phim: \"Đấu Phá Thương Khung Ngoại Truyện\"","timestamp":"00:03:51"}
{"type":"info","message":"  -> Đang xử lý phim: \"Thỏa Thuận Bí Mật\"","timestamp":"00:03:51"}
{"type":"info","message":"  -> Đang xử lý phim: \"Trường Học Tình Yêu\"","timestamp":"00:03:51"}
{"type":"info","message":"--- Hoàn thành lô 39 / 80 ---","timestamp":"00:03:52"}
{"type":"info","message":"  -> Đang xử lý phim: \"Hoa thơm kiêu hãnh\"","timestamp":"00:03:53"}
{"type":"info","message":"  -> Đang xử lý phim: \"Chuyện Chưa Kể Về Kẻ Bất Tử\"","timestamp":"00:03:53"}
{"type":"info","message":"  -> Đang xử lý phim: \"12 Con Giáp\"","timestamp":"00:03:53"}
{"type":"info","message":"--- Hoàn thành lô 40 / 80 ---","timestamp":"00:03:53"}
{"type":"info","message":"  -> Đang xử lý phim: \"TO BE HERO X\"","timestamp":"00:03:54"}
{"type":"info","message":"  -> Đang xử lý phim: \"Dũng sĩ otaku béo\"","timestamp":"00:03:54"}
{"type":"info","message":"  -> Đang xử lý phim: \"Giấc Mơ Người Luật Sư\"","timestamp":"00:03:54"}
{"type":"info","message":"--- Hoàn thành lô 41 / 80 ---","timestamp":"00:03:55"}
{"type":"info","message":"  -> Đang xử lý phim: \"Ngự Trù Của Bạo Chúa\"","timestamp":"00:03:56"}
{"type":"info","message":"  -> Đang xử lý phim: \"Khải Huyền Dị Giới Mynoghra: Chinh Phục Thế Giới Từ Nền Văn Minh Suy Tàn\"","timestamp":"00:03:56"}
{"type":"info","message":"  -> Đang xử lý phim: \"Phải Lòng Cún Con\"","timestamp":"00:03:56"}
{"type":"info","message":"--- Hoàn thành lô 42 / 80 ---","timestamp":"00:03:56"}
{"type":"info","message":"  -> Đang xử lý phim: \"Anh Hùng Bất Tỉnh Và Công Chúa Ám Sát\"","timestamp":"00:03:57"}
{"type":"info","message":"  -> Đang xử lý phim: \"Gachiakuta\"","timestamp":"00:03:57"}
{"type":"info","message":"  -> Đang xử lý phim: \"Thèm Muốn\"","timestamp":"00:03:57"}
{"type":"info","message":"--- Hoàn thành lô 43 / 80 ---","timestamp":"00:03:58"}
{"type":"info","message":"  -> Đang xử lý phim: \"Bác Sĩ An Tử\"","timestamp":"00:03:59"}
{"type":"info","message":"  -> Đang xử lý phim: \"Ông Xã Vạn Tuế\"","timestamp":"00:03:59"}
{"type":"info","message":"  -> Đang xử lý phim: \"Câu Chuyện Của Ngày Xưa\"","timestamp":"00:03:59"}
{"type":"info","message":"--- Hoàn thành lô 44 / 80 ---","timestamp":"00:03:59"}
{"type":"info","message":"  -> Đang xử lý phim: \"Anh Chàng Độc Thân\"","timestamp":"00:04:00"}
{"type":"info","message":"  -> Đang xử lý phim: \"Phi Nữ Chính Truyện\"","timestamp":"00:04:00"}
{"type":"info","message":"  -> Đang xử lý phim: \"Hôn Nhân Tiền Định\"","timestamp":"00:04:00"}
{"type":"info","message":"--- Hoàn thành lô 45 / 80 ---","timestamp":"00:04:01"}
{"type":"info","message":"  -> Đang xử lý phim: \"Thám Tử Lừng Danh\"","timestamp":"00:04:02"}
{"type":"info","message":"  -> Đang xử lý phim: \"Giang Sơn Mỹ Nhân\"","timestamp":"00:04:02"}
{"type":"info","message":"  -> Đang xử lý phim: \"Đảo Hải Tặc\"","timestamp":"00:04:02"}
{"type":"info","message":"--- Hoàn thành lô 46 / 80 ---","timestamp":"00:04:03"}
{"type":"info","message":"  -> Đang xử lý phim: \"Sát Thủ Ẩn Danh (Phần 1)\"","timestamp":"00:04:04"}
{"type":"info","message":"  -> Đang xử lý phim: \"Phàm Nhân Tu Tiên\"","timestamp":"00:04:04"}
{"type":"info","message":"  -> Đang xử lý phim: \"Alien: Rubicon\"","timestamp":"00:04:04"}
{"type":"info","message":"--- Hoàn thành lô 47 / 80 ---","timestamp":"00:04:04"}
{"type":"info","message":"  -> Đang xử lý phim: \"Hành Trình Ngọt Ngào\"","timestamp":"00:04:05"}
{"type":"info","message":"  -> Đang xử lý phim: \"Sát thủ về vườn\"","timestamp":"00:04:05"}
{"type":"info","message":"  -> Đang xử lý phim: \"Cô Gái Đến Từ Sao Miêu\"","timestamp":"00:04:05"}
{"type":"info","message":"--- Hoàn thành lô 48 / 80 ---","timestamp":"00:04:06"}
{"type":"info","message":"  -> Đang xử lý phim: \"Mối Hận Kim Bình\"","timestamp":"00:04:07"}
{"type":"info","message":"  -> Đang xử lý phim: \"Ước Mơ Xa Vời\"","timestamp":"00:04:07"}
{"type":"info","message":"  -> Đang xử lý phim: \"Ớt Nhỏ Thập Niên 80\"","timestamp":"00:04:07"}
{"type":"info","message":"--- Hoàn thành lô 49 / 80 ---","timestamp":"00:04:07"}
{"type":"info","message":"  -> Đang xử lý phim: \"Cẩm Tú Trạch Tâm\"","timestamp":"00:04:08"}
{"type":"info","message":"  -> Đang xử lý phim: \"Bản Sao Thế Mạng\"","timestamp":"00:04:08"}
{"type":"info","message":"  -> Đang xử lý phim: \"Những Ngày Vàng Son\"","timestamp":"00:04:08"}
{"type":"info","message":"--- Hoàn thành lô 50 / 80 ---","timestamp":"00:04:09"}
{"type":"info","message":"  -> Đang xử lý phim: \"Iron Girls (Phần 2)\"","timestamp":"00:04:10"}
{"type":"info","message":"  -> Đang xử lý phim: \"Vụ Cướp Thế Kỷ (Phần 1)\"","timestamp":"00:04:10"}
{"type":"info","message":"  -> Đang xử lý phim: \"Mối Quan Hệ Bí Mật\"","timestamp":"00:04:10"}
{"type":"info","message":"--- Hoàn thành lô 51 / 80 ---","timestamp":"00:04:10"}
{"type":"info","message":"  -> Đang xử lý phim: \"Tử Mạch Hồng Trần\"","timestamp":"00:04:11"}
{"type":"info","message":"  -> Đang xử lý phim: \"Hầu Tửu Quyền\"","timestamp":"00:04:11"}
{"type":"info","message":"  -> Đang xử lý phim: \"Đáng Mặt Nữ Nhi\"","timestamp":"00:04:11"}
{"type":"info","message":"--- Hoàn thành lô 52 / 80 ---","timestamp":"00:04:12"}
{"type":"info","message":"  -> Đang xử lý phim: \"Vượt Rào\"","timestamp":"00:04:13"}
{"type":"info","message":"  -> Đang xử lý phim: \"Hẹn Hò Bạn Tôi\"","timestamp":"00:04:13"}
{"type":"info","message":"  -> Đang xử lý phim: \"Cặp Đôi Tu Hú Phần 2\"","timestamp":"00:04:13"}
{"type":"info","message":"--- Hoàn thành lô 53 / 80 ---","timestamp":"00:04:13"}
{"type":"info","message":"  -> Đang xử lý phim: \"Mục Thần Ký\"","timestamp":"00:04:14"}
{"type":"info","message":"  -> Đang xử lý phim: \"Giờ Mất Tích\"","timestamp":"00:04:14"}
{"type":"info","message":"  -> Đang xử lý phim: \"Tôi Ở Đỉnh Cao Đợi Cậu\"","timestamp":"00:04:14"}
{"type":"info","message":"--- Hoàn thành lô 54 / 80 ---","timestamp":"00:04:15"}
{"type":"info","message":"  -> Đang xử lý phim: \"Lồng Giam\"","timestamp":"00:04:16"}
{"type":"info","message":"  -> Đang xử lý phim: \"Minh Nguyệt Nhập Khanh Hoài\"","timestamp":"00:04:16"}
{"type":"info","message":"  -> Đang xử lý phim: \"Tử Xuyên (Phần 2)\"","timestamp":"00:04:16"}
{"type":"info","message":"--- Hoàn thành lô 55 / 80 ---","timestamp":"00:04:16"}
{"type":"info","message":"  -> Đang xử lý phim: \"Dexter: Hồi Sinh\"","timestamp":"00:04:17"}
{"type":"info","message":"  -> Đang xử lý phim: \"10 việc muốn làm trước tuổi 40\"","timestamp":"00:04:17"}
{"type":"info","message":"  -> Đang xử lý phim: \"Bà Hoàng Cự Tháp\"","timestamp":"00:04:17"}
{"type":"info","message":"--- Hoàn thành lô 56 / 80 ---","timestamp":"00:04:18"}
{"type":"info","message":"  -> Đang xử lý phim: \"Quái Vật Không Gian: Trái Đất\"","timestamp":"00:04:19"}
{"type":"info","message":"  -> Đang xử lý phim: \"Tìm kiếm Ramlee\"","timestamp":"00:04:19"}
{"type":"info","message":"  -> Đang xử lý phim: \"Tủ Quần Áo Lọ Lem\"","timestamp":"00:04:19"}
{"type":"info","message":"--- Hoàn thành lô 57 / 80 ---","timestamp":"00:04:19"}
{"type":"info","message":"  -> Đang xử lý phim: \"Mật Mã Hỗn Loạn\"","timestamp":"00:04:20"}
{"type":"info","message":"  -> Đang xử lý phim: \"Ngôi Sao Tái Sinh\"","timestamp":"00:04:20"}
{"type":"info","message":"  -> Đang xử lý phim: \"Thêm Một Lần Yêu\"","timestamp":"00:04:20"}
{"type":"info","message":"--- Hoàn thành lô 58 / 80 ---","timestamp":"00:04:21"}
{"type":"info","message":"  -> Đang xử lý phim: \"Khủng Bố Trên Không\"","timestamp":"00:04:22"}
{"type":"info","message":"  -> Đang xử lý phim: \"BÓNG ĐÁ ẢO ĐÃ HỦY HOẠI CHÚNG TÔI\"","timestamp":"00:04:22"}
{"type":"info","message":"  -> Đang xử lý phim: \"Christopher: Một Cuộc Đời Thực Sự Đẹp\"","timestamp":"00:04:22"}
{"type":"info","message":"--- Hoàn thành lô 59 / 80 ---","timestamp":"00:04:22"}
{"type":"info","message":"  -> Đang xử lý phim: \"Gia Đình (Không) Hoàn Hảo Của Tôi\"","timestamp":"00:04:23"}
{"type":"info","message":"  -> Đang xử lý phim: \"I Am Nobody: The Showdown Between Yin & Yang\"","timestamp":"00:04:23"}
{"type":"info","message":"  -> Đang xử lý phim: \"Người Hồng Kông Ở Bắc Kinh\"","timestamp":"00:04:23"}
{"type":"info","message":"--- Hoàn thành lô 60 / 80 ---","timestamp":"00:04:24"}
{"type":"info","message":"  -> Đang xử lý phim: \"Xin Chào Đại Phu Của Tôi\"","timestamp":"00:04:25"}
{"type":"info","message":"  -> Đang xử lý phim: \"Ngọc Diện Phi Hồ\"","timestamp":"00:04:25"}
{"type":"info","message":"  -> Đang xử lý phim: \"Mong Manh Cuộc Tình\"","timestamp":"00:04:25"}
{"type":"info","message":"--- Hoàn thành lô 61 / 80 ---","timestamp":"00:04:26"}
{"type":"info","message":"  -> Đang xử lý phim: \"Rơi Vào Lưới Tình\"","timestamp":"00:04:27"}
{"type":"info","message":"  -> Đang xử lý phim: \"Hành Tinh Độc Thân: Phiêu Lưu Hy Lạp\"","timestamp":"00:04:27"}
{"type":"info","message":"  -> Đang xử lý phim: \"Cửa Hàng Tạp Hóa Cá Voi\"","timestamp":"00:04:27"}
{"type":"info","message":"--- Hoàn thành lô 62 / 80 ---","timestamp":"00:04:27"}
